\BOOKMARK [1][-]{section.1}{Introduction}{}% 1
\BOOKMARK [1][-]{section.2}{Methods}{}% 2
\BOOKMARK [2][-]{subsection.2.1}{Infinite Spatial Relational Models}{section.2}% 3
\BOOKMARK [3][-]{subsubsection.2.1.1}{Arbitrary discriminative functions}{subsection.2.1}% 4
\BOOKMARK [3][-]{subsubsection.2.1.2}{Infinite prior}{subsection.2.1}% 5
\BOOKMARK [2][-]{subsection.2.2}{Likelihoods}{section.2}% 6
\BOOKMARK [3][-]{subsubsection.2.2.1}{Logistic Distance}{subsection.2.2}% 7
\BOOKMARK [3][-]{subsubsection.2.2.2}{Normal Distance Fixed witdh}{subsection.2.2}% 8
\BOOKMARK [3][-]{subsubsection.2.2.3}{Exponential Distance Bernoulli}{subsection.2.2}% 9
\BOOKMARK [3][-]{subsubsection.2.2.4}{Exponential Distance Poisson}{subsection.2.2}% 10
\BOOKMARK [3][-]{subsubsection.2.2.5}{Exponential Distance Normal}{subsection.2.2}% 11
\BOOKMARK [3][-]{subsubsection.2.2.6}{Non-spatial, Conjugate likelihoods for comparison}{subsection.2.2}% 12
\BOOKMARK [2][-]{subsection.2.3}{Inference}{section.2}% 13
\BOOKMARK [3][-]{subsubsection.2.3.1}{Structural Inference}{subsection.2.3}% 14
\BOOKMARK [3][-]{subsubsection.2.3.2}{Per-component parameters in nonconjugate case}{subsection.2.3}% 15
\BOOKMARK [3][-]{subsubsection.2.3.3}{Hyperparameter Inferece}{subsection.2.3}% 16
\BOOKMARK [3][-]{subsubsection.2.3.4}{Annealing}{subsection.2.3}% 17
\BOOKMARK [1][-]{section.3}{Results}{}% 18
\BOOKMARK [2][-]{subsection.3.1}{Synthetic Data}{section.3}% 19
\BOOKMARK [2][-]{subsection.3.2}{Mouse Retina}{section.3}% 20
\BOOKMARK [3][-]{subsubsection.3.2.1}{Results}{subsection.3.2}% 21
\BOOKMARK [2][-]{subsection.3.3}{C. elegans}{section.3}% 22
\BOOKMARK [3][-]{subsubsection.3.3.1}{Results}{subsection.3.3}% 23
\BOOKMARK [2][-]{subsection.3.4}{Drosophila optic medulla}{section.3}% 24
\BOOKMARK [3][-]{subsubsection.3.4.1}{Results}{subsection.3.4}% 25
\BOOKMARK [2][-]{subsection.3.5}{MOS 6502}{section.3}% 26
\BOOKMARK [3][-]{subsubsection.3.5.1}{Results}{subsection.3.5}% 27
\BOOKMARK [2][-]{subsection.3.6}{Job application data}{section.3}% 28
\BOOKMARK [1][-]{section.4}{Discussion}{}% 29
\BOOKMARK [1][-]{section.5}{Next Steps / Future Work}{}% 30
